<?xml version="1.0" encoding="UTF-8"?>
<!-- Generated by org.testng.reporters.JUnitReportReporter -->
<testsuite hostname="LTIN520175" failures="0" tests="6" name="miniProject.Mainclass" time="15.078" errors="0" timestamp="2024-06-14T18:58:56 IST" skipped="0">
  <testcase classname="miniProject.Mainclass" name="launchingApplication" time="4.546"/>
  <testcase classname="miniProject.Mainclass" name="maximizeApplication" time="0.706"/>
  <testcase classname="miniProject.Mainclass" name="searchItem" time="4.802"/>
  <testcase classname="miniProject.Mainclass" name="validation" time="1.590"/>
  <testcase classname="miniProject.Mainclass" name="selectDropdown" time="2.936"/>
  <testcase classname="miniProject.Mainclass" name="writingExcel" time="0.498"/>
</testsuite> <!-- miniProject.Mainclass -->
